<?xml version="1.0" encoding="UTF-8"?>
<!-- Generated by org.testng.reporters.JUnitReportReporter -->
<testsuite hostname="ip-10-211-100-207.ap-south-1.compute.internal" failures="0" tests="1" name="Downgrade.SimpleUserLeadClientWithMultipleDates" time="241.498" errors="0" timestamp="2025-04-17T13:42:42 IST" skipped="0">
  <testcase classname="Downgrade.SimpleUserLeadClientWithMultipleDates" name="runLeadTest" time="241.498"/>
</testsuite> <!-- Downgrade.SimpleUserLeadClientWithMultipleDates -->
